# JRE version: OpenJDK Runtime Environment (8.0_252-b09) (build 1.8.0_252-8u252-b09-1~18.04-b09)
# Java VM: OpenJDK 64-Bit Server VM (25.252-b09 mixed mode linux-amd64 compressed oops)
Heap:
 PSYoungGen      total 757760K, used 0K [0x000000076d300000, 0x00000007c0000000, 0x00000007c0000000)
  eden space 452608K, 0% used [0x000000076d300000,0x000000076d300000,0x0000000788d00000)
  from space 305152K, 0% used [0x00000007ac900000,0x00000007ac900000,0x00000007bf300000)
  to   space 452096K, 0% used [0x0000000788d00000,0x0000000788d00000,0x00000007a4680000)
 ParOldGen       total 2118144K, used 1483253K [0x00000006c7800000, 0x0000000748c80000, 0x000000076d300000)
  object space 2118144K, 70% used [0x00000006c7800000,0x000000072207d4c0,0x0000000748c80000)
 Metaspace       used 39232K, capacity 39928K, committed 40320K, reserved 1085440K
  class space    used 4963K, capacity 5137K, committed 5248K, reserved 1048576K
GC Heap History (10 events):
Event: 18648.454 GC heap after
Heap after GC invocations=746 (full 52):
 PSYoungGen      total 920064K, used 11936K [0x000000076d300000, 0x00000007bca00000, 0x00000007c0000000)
  eden space 583680K, 0% used [0x000000076d300000,0x000000076d300000,0x0000000790d00000)
  from space 336384K, 3% used [0x00000007a8180000,0x00000007a8d28140,0x00000007bca00000)
  to   space 358912K, 0% used [0x0000000790d00000,0x0000000790d00000,0x00000007a6b80000)
 ParOldGen       total 2118144K, used 1747291K [0x00000006c7800000, 0x0000000748c80000, 0x000000076d300000)
  object space 2118144K, 82% used [0x00000006c7800000,0x0000000732256f40,0x0000000748c80000)
 Metaspace       used 39231K, capacity 39928K, committed 40320K, reserved 1085440K
  class space    used 4963K, capacity 5137K, committed 5248K, reserved 1048576K
}
Event: 18680.729 GC heap before
{Heap before GC invocations=747 (full 52):
 PSYoungGen      total 920064K, used 595616K [0x000000076d300000, 0x00000007bca00000, 0x00000007c0000000)
  eden space 583680K, 100% used [0x000000076d300000,0x0000000790d00000,0x0000000790d00000)
  from space 336384K, 3% used [0x00000007a8180000,0x00000007a8d28140,0x00000007bca00000)
  to   space 358912K, 0% used [0x0000000790d00000,0x0000000790d00000,0x00000007a6b80000)
 ParOldGen       total 2118144K, used 1747291K [0x00000006c7800000, 0x0000000748c80000, 0x000000076d300000)
  object space 2118144K, 82% used [0x00000006c7800000,0x0000000732256f40,0x0000000748c80000)
 Metaspace       used 39231K, capacity 39928K, committed 40320K, reserved 1085440K
  class space    used 4963K, capacity 5137K, committed 5248K, reserved 1048576K
Event: 18680.749 GC heap after
Heap after GC invocations=747 (full 52):
 PSYoungGen      total 942592K, used 7296K [0x000000076d300000, 0x00000007bf300000, 0x00000007c0000000)
  eden space 583680K, 0% used [0x000000076d300000,0x000000076d300000,0x0000000790d00000)
  from space 358912K, 2% used [0x0000000790d00000,0x0000000791420000,0x00000007a6b80000)
  to   space 340992K, 0% used [0x00000007aa600000,0x00000007aa600000,0x00000007bf300000)
 ParOldGen       total 2118144K, used 1759132K [0x00000006c7800000, 0x0000000748c80000, 0x000000076d300000)
  object space 2118144K, 83% used [0x00000006c7800000,0x0000000732de70a0,0x0000000748c80000)
 Metaspace       used 39231K, capacity 39928K, committed 40320K, reserved 1085440K
  class space    used 4963K, capacity 5137K, committed 5248K, reserved 1048576K
}
Event: 18713.041 GC heap before
{Heap before GC invocations=748 (full 52):
 PSYoungGen      total 942592K, used 590976K [0x000000076d300000, 0x00000007bf300000, 0x00000007c0000000)
  eden space 583680K, 100% used [0x000000076d300000,0x0000000790d00000,0x0000000790d00000)
  from space 358912K, 2% used [0x0000000790d00000,0x0000000791420000,0x00000007a6b80000)
  to   space 340992K, 0% used [0x00000007aa600000,0x00000007aa600000,0x00000007bf300000)
 ParOldGen       total 2118144K, used 1759132K [0x00000006c7800000, 0x0000000748c80000, 0x000000076d300000)
  object space 2118144K, 83% used [0x00000006c7800000,0x0000000732de70a0,0x0000000748c80000)
 Metaspace       used 39231K, capacity 39928K, committed 40320K, reserved 1085440K
  class space    used 4963K, capacity 5137K, committed 5248K, reserved 1048576K
Event: 18713.066 GC heap after
Heap after GC invocations=748 (full 52):
 PSYoungGen      total 957440K, used 6752K [0x000000076d300000, 0x00000007bcb80000, 0x00000007c0000000)
  eden space 656896K, 0% used [0x000000076d300000,0x000000076d300000,0x0000000795480000)
  from space 300544K, 2% used [0x00000007aa600000,0x00000007aac98000,0x00000007bcb80000)
  to   space 323072K, 0% used [0x0000000795480000,0x0000000795480000,0x00000007a9000000)
 ParOldGen       total 2118144K, used 1766388K [0x00000006c7800000, 0x0000000748c80000, 0x000000076d300000)
  object space 2118144K, 83% used [0x00000006c7800000,0x00000007334fd0c0,0x0000000748c80000)
 Metaspace       used 39231K, capacity 39928K, committed 40320K, reserved 1085440K
  class space    used 4963K, capacity 5137K, committed 5248K, reserved 1048576K
}
Event: 18754.198 GC heap before
{Heap before GC invocations=749 (full 52):
 PSYoungGen      total 957440K, used 663648K [0x000000076d300000, 0x00000007bcb80000, 0x00000007c0000000)
  eden space 656896K, 100% used [0x000000076d300000,0x0000000795480000,0x0000000795480000)
  from space 300544K, 2% used [0x00000007aa600000,0x00000007aac98000,0x00000007bcb80000)
  to   space 323072K, 0% used [0x0000000795480000,0x0000000795480000,0x00000007a9000000)
 ParOldGen       total 2118144K, used 1766388K [0x00000006c7800000, 0x0000000748c80000, 0x000000076d300000)
  object space 2118144K, 83% used [0x00000006c7800000,0x00000007334fd0c0,0x0000000748c80000)
 Metaspace       used 39232K, capacity 39928K, committed 40320K, reserved 1085440K
  class space    used 4963K, capacity 5137K, committed 5248K, reserved 1048576K
Event: 18754.239 GC heap after
Heap after GC invocations=749 (full 52):
 PSYoungGen      total 979968K, used 7328K [0x000000076d300000, 0x00000007bf300000, 0x00000007c0000000)
  eden space 656896K, 0% used [0x000000076d300000,0x000000076d300000,0x0000000795480000)
  from space 323072K, 2% used [0x0000000795480000,0x0000000795ba8000,0x00000007a9000000)
  to   space 305152K, 0% used [0x00000007ac900000,0x00000007ac900000,0x00000007bf300000)
 ParOldGen       total 2118144K, used 1773033K [0x00000006c7800000, 0x0000000748c80000, 0x000000076d300000)
  object space 2118144K, 83% used [0x00000006c7800000,0x0000000733b7a7a0,0x0000000748c80000)
 Metaspace       used 39232K, capacity 39928K, committed 40320K, reserved 1085440K
  class space    used 4963K, capacity 5137K, committed 5248K, reserved 1048576K
}
Event: 18757.656 GC heap before
{Heap before GC invocations=750 (full 52):
 PSYoungGen      total 979968K, used 664224K [0x000000076d300000, 0x00000007bf300000, 0x00000007c0000000)
  eden space 656896K, 100% used [0x000000076d300000,0x0000000795480000,0x0000000795480000)
  from space 323072K, 2% used [0x0000000795480000,0x0000000795ba8000,0x00000007a9000000)
  to   space 305152K, 0% used [0x00000007ac900000,0x00000007ac900000,0x00000007bf300000)
 ParOldGen       total 2118144K, used 1773033K [0x00000006c7800000, 0x0000000748c80000, 0x000000076d300000)
  object space 2118144K, 83% used [0x00000006c7800000,0x0000000733b7a7a0,0x0000000748c80000)
 Metaspace       used 39232K, capacity 39928K, committed 40320K, reserved 1085440K
  class space    used 4963K, capacity 5137K, committed 5248K, reserved 1048576K
Event: 18758.053 GC heap after
Heap after GC invocations=750 (full 52):
 PSYoungGen      total 757760K, used 305135K [0x000000076d300000, 0x00000007c0000000, 0x00000007c0000000)
  eden space 452608K, 0% used [0x000000076d300000,0x000000076d300000,0x0000000788d00000)
  from space 305152K, 99% used [0x00000007ac900000,0x00000007bf2fbf00,0x00000007bf300000)
  to   space 452096K, 0% used [0x0000000788d00000,0x0000000788d00000,0x00000007a4680000)
 ParOldGen       total 2118144K, used 2078080K [0x00000006c7800000, 0x0000000748c80000, 0x000000076d300000)
  object space 2118144K, 98% used [0x00000006c7800000,0x00000007465603c8,0x0000000748c80000)
 Metaspace       used 39232K, capacity 39928K, committed 40320K, reserved 1085440K
  class space    used 4963K, capacity 5137K, committed 5248K, reserved 1048576K
}
Event: 18758.053 GC heap before
{Heap before GC invocations=751 (full 53):
 PSYoungGen      total 757760K, used 305135K [0x000000076d300000, 0x00000007c0000000, 0x00000007c0000000)
  eden space 452608K, 0% used [0x000000076d300000,0x000000076d300000,0x0000000788d00000)
  from space 305152K, 99% used [0x00000007ac900000,0x00000007bf2fbf00,0x00000007bf300000)
  to   space 452096K, 0% used [0x0000000788d00000,0x0000000788d00000,0x00000007a4680000)
 ParOldGen       total 2118144K, used 2078080K [0x00000006c7800000, 0x0000000748c80000, 0x000000076d300000)
  object space 2118144K, 98% used [0x00000006c7800000,0x00000007465603c8,0x0000000748c80000)
 Metaspace       used 39232K, capacity 39928K, committed 40320K, reserved 1085440K
  class space    used 4963K, capacity 5137K, committed 5248K, reserved 1048576K

